{"/Users/justinperet/GitHub/workout-routine-react-native-master/actions/user.js": {"path":"/Users/justinperet/GitHub/workout-routine-react-native-master/actions/user.js","statementMap":{"0":{"start":{"line":4,"column":28},"end":{"line":4,"column":42}},"1":{"start":{"line":5,"column":31},"end":{"line":5,"column":48}},"2":{"start":{"line":6,"column":39},"end":{"line":6,"column":64}},"3":{"start":{"line":7,"column":27},"end":{"line":7,"column":40}},"4":{"start":{"line":8,"column":30},"end":{"line":8,"column":46}},"5":{"start":{"line":9,"column":28},"end":{"line":9,"column":42}},"6":{"start":{"line":12,"column":13},"end":{"line":12,"column":51}},"7":{"start":{"line":13,"column":27},"end":{"line":18,"column":1}},"8":{"start":{"line":14,"column":1},"end":{"line":17,"column":2}},"9":{"start":{"line":20,"column":30},"end":{"line":25,"column":1}},"10":{"start":{"line":21,"column":1},"end":{"line":24,"column":2}},"11":{"start":{"line":27,"column":37},"end":{"line":32,"column":1}},"12":{"start":{"line":28,"column":1},"end":{"line":31,"column":2}},"13":{"start":{"line":34,"column":26},"end":{"line":39,"column":1}},"14":{"start":{"line":35,"column":1},"end":{"line":38,"column":2}},"15":{"start":{"line":41,"column":28},"end":{"line":44,"column":2}},"16":{"start":{"line":41,"column":43},"end":{"line":44,"column":1}},"17":{"start":{"line":46,"column":32},"end":{"line":51,"column":1}},"18":{"start":{"line":47,"column":1},"end":{"line":50,"column":2}}},"fnMap":{"0":{"name":"(anonymous_0)","decl":{"start":{"line":13,"column":27},"end":{"line":13,"column":28}},"loc":{"start":{"line":13,"column":36},"end":{"line":18,"column":1}},"line":13},"1":{"name":"(anonymous_1)","decl":{"start":{"line":20,"column":30},"end":{"line":20,"column":31}},"loc":{"start":{"line":20,"column":42},"end":{"line":25,"column":1}},"line":20},"2":{"name":"(anonymous_2)","decl":{"start":{"line":27,"column":37},"end":{"line":27,"column":38}},"loc":{"start":{"line":27,"column":53},"end":{"line":32,"column":1}},"line":27},"3":{"name":"(anonymous_3)","decl":{"start":{"line":34,"column":26},"end":{"line":34,"column":27}},"loc":{"start":{"line":34,"column":34},"end":{"line":39,"column":1}},"line":34},"4":{"name":"(anonymous_4)","decl":{"start":{"line":41,"column":28},"end":{"line":41,"column":29}},"loc":{"start":{"line":41,"column":43},"end":{"line":44,"column":1}},"line":41},"5":{"name":"(anonymous_5)","decl":{"start":{"line":46,"column":32},"end":{"line":46,"column":33}},"loc":{"start":{"line":46,"column":47},"end":{"line":51,"column":1}},"line":46}},"branchMap":{},"s":{"0":1,"1":1,"2":1,"3":1,"4":1,"5":1,"6":1,"7":1,"8":0,"9":1,"10":0,"11":1,"12":0,"13":1,"14":0,"15":1,"16":0,"17":1,"18":0},"f":{"0":0,"1":0,"2":0,"3":0,"4":0,"5":0},"b":{},"_coverageSchema":"1a1c01bbd47fc00a2c39e90264f33305004495a9","hash":"3feb5fd36b01ac2bf709f33c4b97ce9224958e61"}
,"/Users/justinperet/GitHub/workout-routine-react-native-master/assets/options.png": {"path":"/Users/justinperet/GitHub/workout-routine-react-native-master/assets/options.png","statementMap":{"0":{"start":{"line":1,"column":0},"end":{"line":1,"column":19}}},"fnMap":{},"branchMap":{},"s":{"0":1},"f":{},"b":{},"inputSourceMap":null,"_coverageSchema":"1a1c01bbd47fc00a2c39e90264f33305004495a9","hash":"a3bbd8562af49754da37ea3d14f36598b65fcbef"}
,"/Users/justinperet/GitHub/workout-routine-react-native-master/screens/Settings.js": {"path":"/Users/justinperet/GitHub/workout-routine-react-native-master/screens/Settings.js","statementMap":{"0":{"start":{"line":23,"column":4},"end":{"line":23,"column":16}},"1":{"start":{"line":27,"column":26},"end":{"line":32,"column":5}},"2":{"start":{"line":28,"column":6},"end":{"line":28,"column":41}},"3":{"start":{"line":29,"column":6},"end":{"line":29,"column":33}},"4":{"start":{"line":30,"column":6},"end":{"line":30,"column":36}},"5":{"start":{"line":31,"column":6},"end":{"line":31,"column":45}},"6":{"start":{"line":34,"column":4},"end":{"line":63,"column":5}},"7":{"start":{"line":47,"column":31},"end":{"line":47,"column":65}},"8":{"start":{"line":67,"column":15},"end":{"line":153,"column":2}},"9":{"start":{"line":154,"column":27},"end":{"line":156,"column":1}},"10":{"start":{"line":155,"column":1},"end":{"line":155,"column":83}},"11":{"start":{"line":158,"column":24},"end":{"line":162,"column":1}},"12":{"start":{"line":159,"column":2},"end":{"line":161,"column":3}}},"fnMap":{"0":{"name":"(anonymous_0)","decl":{"start":{"line":22,"column":2},"end":{"line":22,"column":3}},"loc":{"start":{"line":22,"column":21},"end":{"line":24,"column":3}},"line":22},"1":{"name":"(anonymous_1)","decl":{"start":{"line":26,"column":2},"end":{"line":26,"column":3}},"loc":{"start":{"line":26,"column":11},"end":{"line":64,"column":3}},"line":26},"2":{"name":"(anonymous_2)","decl":{"start":{"line":27,"column":26},"end":{"line":27,"column":27}},"loc":{"start":{"line":27,"column":38},"end":{"line":32,"column":5}},"line":27},"3":{"name":"(anonymous_3)","decl":{"start":{"line":47,"column":25},"end":{"line":47,"column":26}},"loc":{"start":{"line":47,"column":31},"end":{"line":47,"column":65}},"line":47},"4":{"name":"(anonymous_4)","decl":{"start":{"line":154,"column":27},"end":{"line":154,"column":28}},"loc":{"start":{"line":154,"column":39},"end":{"line":156,"column":1}},"line":154},"5":{"name":"(anonymous_5)","decl":{"start":{"line":158,"column":24},"end":{"line":158,"column":25}},"loc":{"start":{"line":158,"column":33},"end":{"line":162,"column":1}},"line":158}},"branchMap":{},"s":{"0":3,"1":2,"2":0,"3":0,"4":0,"5":0,"6":2,"7":0,"8":1,"9":1,"10":0,"11":1,"12":0},"f":{"0":3,"1":2,"2":0,"3":0,"4":0,"5":0},"b":{},"_coverageSchema":"1a1c01bbd47fc00a2c39e90264f33305004495a9","hash":"c20cd14979289443f102bbfd6e29ec43ff2ecbc3"}
}
