{"/Users/rohitpotineni/Desktop/zzz_folder/Workout-506/workout-routine-react-native/actions/user.js": {"path":"/Users/rohitpotineni/Desktop/zzz_folder/Workout-506/workout-routine-react-native/actions/user.js","statementMap":{"0":{"start":{"line":5,"column":28},"end":{"line":5,"column":42}},"1":{"start":{"line":6,"column":31},"end":{"line":6,"column":48}},"2":{"start":{"line":7,"column":39},"end":{"line":7,"column":64}},"3":{"start":{"line":8,"column":27},"end":{"line":8,"column":40}},"4":{"start":{"line":9,"column":30},"end":{"line":9,"column":46}},"5":{"start":{"line":10,"column":28},"end":{"line":10,"column":42}},"6":{"start":{"line":11,"column":23},"end":{"line":11,"column":32}},"7":{"start":{"line":12,"column":28},"end":{"line":12,"column":42}},"8":{"start":{"line":13,"column":25},"end":{"line":13,"column":36}},"9":{"start":{"line":16,"column":13},"end":{"line":16,"column":51}},"10":{"start":{"line":17,"column":27},"end":{"line":22,"column":1}},"11":{"start":{"line":18,"column":1},"end":{"line":21,"column":2}},"12":{"start":{"line":24,"column":30},"end":{"line":29,"column":1}},"13":{"start":{"line":25,"column":1},"end":{"line":28,"column":2}},"14":{"start":{"line":31,"column":37},"end":{"line":36,"column":1}},"15":{"start":{"line":32,"column":1},"end":{"line":35,"column":2}},"16":{"start":{"line":38,"column":26},"end":{"line":43,"column":1}},"17":{"start":{"line":39,"column":1},"end":{"line":42,"column":2}},"18":{"start":{"line":45,"column":28},"end":{"line":48,"column":2}},"19":{"start":{"line":45,"column":43},"end":{"line":48,"column":1}},"20":{"start":{"line":50,"column":30},"end":{"line":53,"column":2}},"21":{"start":{"line":50,"column":43},"end":{"line":53,"column":1}},"22":{"start":{"line":55,"column":32},"end":{"line":60,"column":1}},"23":{"start":{"line":56,"column":1},"end":{"line":59,"column":2}},"24":{"start":{"line":62,"column":27},"end":{"line":67,"column":1}},"25":{"start":{"line":63,"column":1},"end":{"line":66,"column":2}},"26":{"start":{"line":69,"column":27},"end":{"line":72,"column":2}},"27":{"start":{"line":69,"column":38},"end":{"line":72,"column":1}}},"fnMap":{"0":{"name":"(anonymous_0)","decl":{"start":{"line":17,"column":27},"end":{"line":17,"column":28}},"loc":{"start":{"line":17,"column":36},"end":{"line":22,"column":1}},"line":17},"1":{"name":"(anonymous_1)","decl":{"start":{"line":24,"column":30},"end":{"line":24,"column":31}},"loc":{"start":{"line":24,"column":42},"end":{"line":29,"column":1}},"line":24},"2":{"name":"(anonymous_2)","decl":{"start":{"line":31,"column":37},"end":{"line":31,"column":38}},"loc":{"start":{"line":31,"column":53},"end":{"line":36,"column":1}},"line":31},"3":{"name":"(anonymous_3)","decl":{"start":{"line":38,"column":26},"end":{"line":38,"column":27}},"loc":{"start":{"line":38,"column":34},"end":{"line":43,"column":1}},"line":38},"4":{"name":"(anonymous_4)","decl":{"start":{"line":45,"column":28},"end":{"line":45,"column":29}},"loc":{"start":{"line":45,"column":43},"end":{"line":48,"column":1}},"line":45},"5":{"name":"(anonymous_5)","decl":{"start":{"line":50,"column":30},"end":{"line":50,"column":31}},"loc":{"start":{"line":50,"column":43},"end":{"line":53,"column":1}},"line":50},"6":{"name":"(anonymous_6)","decl":{"start":{"line":55,"column":32},"end":{"line":55,"column":33}},"loc":{"start":{"line":55,"column":47},"end":{"line":60,"column":1}},"line":55},"7":{"name":"(anonymous_7)","decl":{"start":{"line":62,"column":27},"end":{"line":62,"column":28}},"loc":{"start":{"line":62,"column":40},"end":{"line":67,"column":1}},"line":62},"8":{"name":"(anonymous_8)","decl":{"start":{"line":69,"column":27},"end":{"line":69,"column":28}},"loc":{"start":{"line":69,"column":38},"end":{"line":72,"column":1}},"line":69}},"branchMap":{},"s":{"0":1,"1":1,"2":1,"3":1,"4":1,"5":1,"6":1,"7":1,"8":1,"9":1,"10":1,"11":4,"12":1,"13":4,"14":1,"15":4,"16":1,"17":6,"18":1,"19":2,"20":1,"21":2,"22":1,"23":1,"24":1,"25":2,"26":1,"27":0},"f":{"0":4,"1":4,"2":4,"3":6,"4":2,"5":2,"6":1,"7":2,"8":0},"b":{},"_coverageSchema":"1a1c01bbd47fc00a2c39e90264f33305004495a9","hash":"d1b5ecc7c43d02c379c2a813f599f7c5cd4f5f1a"}
}
