TN:
SF:actions/user.js
FN:13,(anonymous_0)
FN:20,(anonymous_1)
FN:27,(anonymous_2)
FN:34,(anonymous_3)
FN:41,(anonymous_4)
FN:46,(anonymous_5)
FNF:6
FNH:0
FNDA:0,(anonymous_0)
FNDA:0,(anonymous_1)
FNDA:0,(anonymous_2)
FNDA:0,(anonymous_3)
FNDA:0,(anonymous_4)
FNDA:0,(anonymous_5)
DA:4,1
DA:5,1
DA:6,1
DA:7,1
DA:8,1
DA:9,1
DA:12,1
DA:13,1
DA:14,0
DA:20,1
DA:21,0
DA:27,1
DA:28,0
DA:34,1
DA:35,0
DA:41,1
DA:46,1
DA:47,0
LF:18
LH:13
BRF:0
BRH:0
end_of_record
TN:
SF:assets/options.png
FNF:0
FNH:0
DA:1,1
LF:1
LH:1
BRF:0
BRH:0
end_of_record
TN:
SF:screens/Settings.js
FN:22,(anonymous_0)
FN:26,(anonymous_1)
FN:27,(anonymous_2)
FN:47,(anonymous_3)
FN:154,(anonymous_4)
FN:158,(anonymous_5)
FNF:6
FNH:2
FNDA:3,(anonymous_0)
FNDA:2,(anonymous_1)
FNDA:0,(anonymous_2)
FNDA:0,(anonymous_3)
FNDA:0,(anonymous_4)
FNDA:0,(anonymous_5)
DA:23,3
DA:27,2
DA:28,0
DA:29,0
DA:30,0
DA:31,0
DA:34,2
DA:47,0
DA:67,1
DA:154,1
DA:155,0
DA:158,1
DA:159,0
LF:13
LH:6
BRF:0
BRH:0
end_of_record
