TN:
SF:actions/user.js
FN:17,(anonymous_0)
FN:24,(anonymous_1)
FN:31,(anonymous_2)
FN:38,(anonymous_3)
FN:45,(anonymous_4)
FN:50,(anonymous_5)
FN:55,(anonymous_6)
FN:62,(anonymous_7)
FN:69,(anonymous_8)
FNF:9
FNH:8
FNDA:4,(anonymous_0)
FNDA:4,(anonymous_1)
FNDA:4,(anonymous_2)
FNDA:6,(anonymous_3)
FNDA:2,(anonymous_4)
FNDA:2,(anonymous_5)
FNDA:1,(anonymous_6)
FNDA:2,(anonymous_7)
FNDA:0,(anonymous_8)
DA:5,1
DA:6,1
DA:7,1
DA:8,1
DA:9,1
DA:10,1
DA:11,1
DA:12,1
DA:13,1
DA:16,1
DA:17,1
DA:18,4
DA:24,1
DA:25,4
DA:31,1
DA:32,4
DA:38,1
DA:39,6
DA:45,2
DA:50,2
DA:55,1
DA:56,1
DA:62,1
DA:63,2
DA:69,1
LF:25
LH:25
BRF:0
BRH:0
end_of_record
